<?xml version="1.0" encoding="UTF-8"?><testsuite failures="2" name="cucumber.runtime.formatter.JUnitFormatter" skipped="0" tests="3" time="8.88029">
<testcase classname="Authorization For Mobile VK" name="User can login, using his email" time="3.388814">
<failure message="org.junit.ComparisonFailure: expected:&lt;[News]&gt; but was:&lt;[Login | VK]&gt;&#10;&#9;at org.junit.Assert.assertEquals(Assert.java:115)&#10;&#9;at org.junit.Assert.assertEquals(Assert.java:144)&#10;&#9;at com.dd.bdd.steps.AuthorizationSteps.user_gets_on_the_feed_page(AuthorizationSteps.java:38)&#10;&#9;at ✽.Then user gets on the profile page and doesnt see error message(descktop.feature:8)&#10;"><![CDATA[Given user is on the login page.............................................passed
When user loggin, using his login EMAIL, and password PASSWORD..............passed
Then user gets on the profile page and doesnt see error message.............failed

StackTrace:
org.junit.ComparisonFailure: expected:<[News]> but was:<[Login | VK]>
	at org.junit.Assert.assertEquals(Assert.java:115)
	at org.junit.Assert.assertEquals(Assert.java:144)
	at com.dd.bdd.steps.AuthorizationSteps.user_gets_on_the_feed_page(AuthorizationSteps.java:38)
	at ✽.Then user gets on the profile page and doesnt see error message(descktop.feature:8)
]]></failure>
</testcase>
<testcase classname="Authorization For Mobile VK" name="User can login, using his phone number" time="2.894182">
<failure message="org.junit.ComparisonFailure: expected:&lt;[News]&gt; but was:&lt;[Login | VK]&gt;&#10;&#9;at org.junit.Assert.assertEquals(Assert.java:115)&#10;&#9;at org.junit.Assert.assertEquals(Assert.java:144)&#10;&#9;at com.dd.bdd.steps.AuthorizationSteps.user_gets_on_the_feed_page(AuthorizationSteps.java:38)&#10;&#9;at ✽.Then user gets on the profile page and doesnt see error message(descktop.feature:14)&#10;"><![CDATA[Given user is on the login page.............................................passed
When user loggin, using his login PHONE, and password PASSWORD..............passed
Then user gets on the profile page and doesnt see error message.............failed

StackTrace:
org.junit.ComparisonFailure: expected:<[News]> but was:<[Login | VK]>
	at org.junit.Assert.assertEquals(Assert.java:115)
	at org.junit.Assert.assertEquals(Assert.java:144)
	at com.dd.bdd.steps.AuthorizationSteps.user_gets_on_the_feed_page(AuthorizationSteps.java:38)
	at ✽.Then user gets on the profile page and doesnt see error message(descktop.feature:14)
]]></failure>
</testcase>
<testcase classname="Authorization For Mobile VK" name="User can see an error if login is incorrect" time="2.597294">
<system-out><![CDATA[Given user is on the login page.............................................passed
When user loggin, using his login PHONE, and password WRONGPASSWROD.........passed
Then user steel on the login page and see error message.....................passed
]]></system-out>
</testcase>
</testsuite>
